->node string:ROOT	 son numbers:1
   ->node string:FuncDef_int_	 son numbers:2
      ->node string:main	 son numbers:0
      ->node string:Block	 son numbers:2
         ->node string:VarDefs	 son numbers:1
            ->node string:VarDef_single_init_	 son numbers:3
               ->node string:i	 son numbers:0
               ->node string:=	 son numbers:0
               ->node string:InitVal_EXP	 son numbers:1
                  ->node string:3	 son numbers:0
         ->node string:Stmt_If	 son numbers:2
            ->node string:Cond	 son numbers:1
               ->node string:LOrExp	 son numbers:1
                  ->node string:LAndExp	 son numbers:1
                     ->node string:i	 son numbers:0
            ->node string:Stmt_Assign	 son numbers:2
               ->node string:i	 son numbers:0
               ->node string:AddExp_Sub	 son numbers:2
                  ->node string:i	 son numbers:0
                  ->node string:1	 son numbers:0

SymbolTable指针地址：0x7ffff177b900 符号表大小：10
GNType: 300	scope:	1	GN Name: main		lineNumber:42
GNType: 300	scope:	11	GN Name: i		lineNumber:57
GNType: 302	scope:		GN Name: 3		lineNumber:57
GNType: 436	scope:		GN Name: VarDef_single_init_		lineNumber:57
GNType: 411	scope:		GN Name: LAndExp		lineNumber:58
GNType: 410	scope:		GN Name: LOrExp		lineNumber:58
GNType: 302	scope:		GN Name: 1		lineNumber:59
GNType: 423	scope:		GN Name: AddExp_Sub		lineNumber:59
GNType: 414	scope:		GN Name: Stmt_Assign		lineNumber:59
GNType: 440	scope:		GN Name: FuncDef_int_		lineNumber:60

line 57	GNType: 436	变量single名称：i	初值：3	isConst：0	作用域：11
line 60	GNType: 440	函数名称：main	作用域：1	返回类型：1	参数个数：0

start VisitAST
Instruction id:0 type:8 Operator nums:1
Instruction id:1 type:12 Operator nums:2
Instruction id:2 type:18 Operator nums:1

id	OP	arg1	arg2	result
0	=	t0		t5
1	a!=	t5	0	tr
2	条件跳转	
